<?xml version="1.0" encoding="UTF-8"?>
<!-- Generated by org.testng.reporters.JUnitReportReporter -->
<testsuite hostname="DESKTOP-44FS5M2" failures="0" tests="7" name="homePage.myTestcases" time="1.081" errors="0" timestamp="2024-10-26T15:53:28 EET" skipped="0">
  <testcase classname="homePage.myTestcases" name="CheckTheDefaultLanguageIsEnglish" time="0.094"/>
  <system-out/>
  <testcase classname="homePage.myTestcases" name="CheckDefaultCurrency" time="0.044"/>
  <system-out/>
  <testcase classname="homePage.myTestcases" name="CheckContactNumber" time="0.024"/>
  <system-out/>
  <testcase classname="homePage.myTestcases" name="CheckQitafLogo" time="0.055"/>
  <system-out/>
  <testcase classname="homePage.myTestcases" name="TestHotelTabNotSelected" time="0.029"/>
  <system-out/>
  <testcase classname="homePage.myTestcases" name="CheckDepatureDate" time="0.036"/>
  <system-out/>
  <testcase classname="homePage.myTestcases" name="RandomChangeTheLanguage" time="0.799"/>
  <system-out/>
</testsuite> <!-- homePage.myTestcases -->
