<?xml version="1.0" encoding="UTF-8"?>
<!-- Generated by org.testng.reporters.JUnitReportReporter -->
<testsuite hostname="DESKTOP-44FS5M2" failures="0" tests="4" name="homePage.myTestcases" time="0.188" errors="0" timestamp="2024-10-26T10:28:11 EET" skipped="0">
  <testcase classname="homePage.myTestcases" name="CheckTheDefaultLanguageIsEnglish" time="0.068"/>
  <system-out/>
  <testcase classname="homePage.myTestcases" name="CheckDefaultCurrency" time="0.045"/>
  <system-out/>
  <testcase classname="homePage.myTestcases" name="CheckContactNumber" time="0.022"/>
  <system-out/>
  <testcase classname="homePage.myTestcases" name="CheckQitafLogo" time="0.053"/>
  <system-out/>
</testsuite> <!-- homePage.myTestcases -->
