<?xml version="1.0" encoding="UTF-8"?>
<!-- Generated by org.testng.reporters.JUnitReportReporter -->
<testsuite hostname="DESKTOP-44FS5M2" failures="0" tests="11" name="homePage.myTestcases" time="4.991" errors="0" timestamp="2024-10-27T09:07:44 EET" skipped="2">
  <testcase classname="homePage.myTestcases" name="CheckTheDefaultLanguageIsEnglish" time="0.048"/>
  <system-out/>
  <testcase classname="homePage.myTestcases" name="CheckDefaultCurrency" time="0.047"/>
  <system-out/>
  <testcase classname="homePage.myTestcases" name="CheckContactNumber" time="0.028"/>
  <system-out/>
  <testcase classname="homePage.myTestcases" name="CheckQitafLogo" time="0.063"/>
  <system-out/>
  <testcase classname="homePage.myTestcases" name="TestHotelTabNotSelected" time="0.027"/>
  <system-out/>
  <testcase classname="homePage.myTestcases" name="CheckDepatureDate" time="0.036"/>
  <system-out/>
  <testcase classname="homePage.myTestcases" name="RandomChangeTheLanguage" time="0.697"/>
  <system-out/>
  <testcase classname="homePage.myTestcases" name="FillHotleTab" time="1.113"/>
  <system-out/>
  <testcase classname="homePage.myTestcases" name="RandomSelectThenumberofVistor" time="2.932"/>
  <system-out/>
  <testcase classname="homePage.myTestcases" name="CheckThePageFullyLoaded">
    <skipped/>
  </testcase> <!-- CheckThePageFullyLoaded -->
  <system-out/>
  <testcase classname="homePage.myTestcases" name="SortItemsLowestToHighestPrice">
    <skipped/>
  </testcase> <!-- SortItemsLowestToHighestPrice -->
  <system-out/>
</testsuite> <!-- homePage.myTestcases -->
