<?xml version="1.0" encoding="UTF-8"?>
<!-- Generated by org.testng.reporters.JUnitReportReporter -->
<testsuite hostname="DESKTOP-44FS5M2" failures="0" tests="11" name="homePage.myTestcases" time="4.927" errors="0" timestamp="2024-10-26T19:28:57 EET" skipped="2">
  <testcase classname="homePage.myTestcases" name="CheckTheDefaultLanguageIsEnglish" time="0.064"/>
  <system-out/>
  <testcase classname="homePage.myTestcases" name="CheckDefaultCurrency" time="0.115"/>
  <system-out/>
  <testcase classname="homePage.myTestcases" name="CheckContactNumber" time="0.025"/>
  <system-out/>
  <testcase classname="homePage.myTestcases" name="CheckQitafLogo" time="0.052"/>
  <system-out/>
  <testcase classname="homePage.myTestcases" name="TestHotelTabNotSelected" time="0.034"/>
  <system-out/>
  <testcase classname="homePage.myTestcases" name="CheckDepatureDate" time="0.035"/>
  <system-out/>
  <testcase classname="homePage.myTestcases" name="RandomChangeTheLanguage" time="0.714"/>
  <system-out/>
  <testcase classname="homePage.myTestcases" name="FillHotleTab" time="1.129"/>
  <system-out/>
  <testcase classname="homePage.myTestcases" name="RandomSelectThenumberofVistor" time="2.759"/>
  <system-out/>
  <testcase classname="homePage.myTestcases" name="CheckThePageFullyLoaded">
    <skipped/>
  </testcase> <!-- CheckThePageFullyLoaded -->
  <system-out/>
  <testcase classname="homePage.myTestcases" name="SortItemsLowestToHighestPrice">
    <skipped/>
  </testcase> <!-- SortItemsLowestToHighestPrice -->
  <system-out/>
</testsuite> <!-- homePage.myTestcases -->
